<?xml version="1.0" encoding="UTF-8"?>
<!-- Generated by org.testng.reporters.JUnitReportReporter -->
<testsuite skipped="0" hostname="SOHAM" name="com.w2a.testcases.LoginTest" tests="1" failures="0" timestamp="2021-04-02T16:52:55 IST" time="3.293" errors="0">
  <testcase name="loginAsBankManager" time="3.293" classname="com.w2a.testcases.LoginTest"/>
  <system-out/>
</testsuite> <!-- com.w2a.testcases.LoginTest -->
