<?xml version="1.0" encoding="UTF-8"?>
<!-- Generated by org.testng.reporters.JUnitReportReporter -->
<testsuite skipped="0" hostname="SOHAM" name="com.w2a.testcases.AddCustomerTest" tests="1" failures="0" timestamp="2021-04-02T23:05:30 IST" time="0.963" errors="0">
  <testcase name="addCustomer" time="0.963" classname="com.w2a.testcases.AddCustomerTest"/>
  <system-out/>
</testsuite> <!-- com.w2a.testcases.AddCustomerTest -->
